=== exa_pdf_downloader.py - 2026-05-06T20:22:17.124239 ===
tier=None class=None limit=0 resume=False dry_run=False

  AAFP:  AAFP_SESSION_COOKIE not set (open AFP articles only)
  ✓ JAMA: curl_cffi session (Chrome TLS impersonation active)
  ✓ JAMA: 22 cookies loaded from JAMA cookies 05062026.txt
  ✓ NEJM: curl_cffi session (Chrome TLS impersonation active)
  ✓ NEJM: 19 cookies loaded from nejm cookies 05062026.txt

Queue loaded: 1234 rows
Actionable: 1022  |  Skipped (no handler / no creds): 212
Strategy filter 'nejm_auth': 1022 → 68
Resume: skipped 1 already on disk

Starting downloads: 67 files

[1/67] ART-0129 [nejm_auth] As-needed budesonide-formoterol versus maintenance
  → Bateman_2018#@#ART-0129@#@.pdf
    https://www.nejm.org/doi/pdf/10.1056/NEJMoa1715275
    HTTP 403 → https://www.nejm.org/doi/pdf/10.1056/NEJMoa1715275
    ✗ failed
[2/67] ART-0134 [nejm_auth] Controlled trial of budesonide-formoterol as neede
  → Beasley_2019#@#ART-0134@#@.pdf
    https://www.nejm.org/doi/pdf/10.1056/NEJMoa1901963
    HTTP 403 → https://www.nejm.org/doi/pdf/10.1056/NEJMoa1901963
    ✗ failed
[3/67] ART-0156 [nejm_auth] Subclinical hyperthyroidism
  → Biondi_2018#@#ART-0156@#@.pdf
    https://www.nejm.org/doi/10.1056/NEJMcp1709318
    HTTP 403 → https://www.nejm.org/doi/10.1056/NEJMcp1709318
    ✗ failed
[4/67] ART-0657 [nejm_auth] Kalyani RR: Glucose-lowering drugs to reduce cardi
  → Kalyani_2021#@#ART-0657@#@.pdf
    https://www.nejm.org/doi/pdf/10.1056/NEJMcp2000280?query=featured_home
    HTTP 403 → https://www.nejm.org/doi/pdf/10.1056/NEJMcp2000280?query=featured_home
    ✗ failed
[5/67] ART-0751 [nejm_auth] Idiopathic pulmonary fibrosis
  → Lederer_2018#@#ART-0751@#@.pdf
    https://www.nejm.org/doi/10.1056/NEJMra1705751
    HTTP 403 → https://www.nejm.org/doi/10.1056/NEJMra1705751
    ✗ failed
[6/67] ART-0848 [nejm_auth] Dapagliflozin in patients with heart failure and r
  → McMurray_2019#@#ART-0848@#@.pdf
    https://www.nejm.org/doi/pdf/10.1056/NEJMoa1911303
    HTTP 403 → https://www.nejm.org/doi/pdf/10.1056/NEJMoa1911303
    ✗ failed
[7/67] ART-0874 [nejm_auth] Depression in adolescents
  → Miller_2021#@#ART-0874@#@.pdf
    https://www.nejm.org/doi/pdf/10.1056/NEJMra2033475
    HTTP 403 → https://www.nejm.org/doi/pdf/10.1056/NEJMra2033475
    ✗ failed
[8/67] ART-1003 [nejm_auth] Acute ischemic stroke
  → Powers_2020#@#ART-1003@#@.pdf
    https://www.nejm.org/doi/10.1056/NEJMcp1917030
    HTTP 403 → https://www.nejm.org/doi/10.1056/NEJMcp1917030
    ✗ failed
[9/67] ART-1112 [nejm_auth] Management of abdominal aortic aneurysms
  → Schanzer_2021#@#ART-1112@#@.pdf
    https://www.nejm.org/doi/pdf/10.1056/NEJMcp2108504
    HTTP 403 → https://www.nejm.org/doi/pdf/10.1056/NEJMcp2108504
    ✗ failed
[10/67] ART-1333 [nejm_auth] Spectrum of fibrotic lung diseases
  → Wijsenbeek_2020#@#ART-1333@#@.pdf
    https://www.nejm.org/doi/pdf/10.1056/NEJMra2005230
    HTTP 403 → https://www.nejm.org/doi/pdf/10.1056/NEJMra2005230
    ✗ failed
[11/67] ART-0082 [nejm_auth] Acute myocardial infarction
  → Anderson_2017#@#ART-0082@#@.pdf
    https://www.nejm.org/doi/10.1056/nejmra1606915
    HTTP 403 → https://www.nejm.org/doi/10.1056/nejmra1606915
    ✗ failed
[12/67] ART-0085 [nejm_auth] Empagliflozin in heart failure with a preserved ej
  → Anker_2021#@#ART-0085@#@.pdf
    https://www.nejm.org/doi/pdf/10.1056/NEJMoa2107038
    HTTP 403 → https://www.nejm.org/doi/pdf/10.1056/NEJMoa2107038
    ✗ failed
[13/67] ART-0165 [nejm_auth] 146- 155
  → Boyer_2012#@#ART-0165@#@.pdf
    https://www.nejm.org/doi/pdf/10.1056/NEJMra1202561
    HTTP 403 → https://www.nejm.org/doi/pdf/10.1056/NEJMra1202561
    ✗ failed
[14/67] ART-0178 [nejm_auth] Conservative versus interventional treatment for s
  → Brown_2020#@#ART-0178@#@.pdf
    https://www.nejm.org/doi/10.1056/NEJMoa1910775
    HTTP 403 → https://www.nejm.org/doi/10.1056/NEJMoa1910775
    ✗ failed
[15/67] ART-0181 [nejm_auth] Pelvic inflammatory disease
  → Brunham_2015#@#ART-0181@#@.pdf
    https://www.nejm.org/doi/10.1056/NEJMra1411426
    HTTP 403 → https://www.nejm.org/doi/10.1056/NEJMra1411426
    ✗ failed
[16/67] ART-0183 [nejm_auth] Glucocorticoid-induced osteoporosis
  → Buckley_2018#@#ART-0183@#@.pdf
    https://www.nejm.org/doi/pdf/10.1056/NEJMcp1800214
    HTTP 403 → https://www.nejm.org/doi/pdf/10.1056/NEJMcp1800214
    ✗ failed
[17/67] ART-0201 [nejm_auth] Iron-deficiency anemia
  → Camaschella_2015#@#ART-0201@#@.pdf
    https://www.nejm.org/doi/10.1056/NEJMra1401038
    HTTP 403 → https://www.nejm.org/doi/10.1056/NEJMra1401038
    ✗ failed
[18/67] ART-0245 [nejm_auth] Dry eye
  → Clayton_2018#@#ART-0245@#@.pdf
    https://www.nejm.org/doi/10.1056/NEJMra1407936
    HTTP 403 → https://www.nejm.org/doi/10.1056/NEJMra1407936
    ✗ failed
[19/67] ART-0273 [nejm_auth] Helicobacter pylori infection
  → Crowe_2019#@#ART-0273@#@.pdf
    https://www.nejm.org/doi/pdf/10.1056/NEJMcp1710945
    HTTP 403 → https://www.nejm.org/doi/pdf/10.1056/NEJMcp1710945
    ✗ failed
[20/67] ART-0274 [nejm_auth] Trigeminal neuralgia
  → Cruccu_2020#@#ART-0274@#@.pdf
    https://www.nejm.org/doi/10.1056/NEJMra1914484
    HTTP 403 → https://www.nejm.org/doi/10.1056/NEJMra1914484
    ✗ failed
[21/67] ART-0276 [nejm_auth] Long-acting reversible contraception
  → Curtis_2017#@#ART-0276@#@.pdf
    https://www.nejm.org/doi/pdf/10.1056/NEJMcp1608736?query=TOC
    HTTP 403 → https://www.nejm.org/doi/pdf/10.1056/NEJMcp1608736?query=TOC
    ✗ failed
[22/67] ART-0290 [nejm_auth] Examination of the hand and wrist
  → Day_2019#@#ART-0290@#@.pdf
    https://www.nejm.org/doi/pdf/10.1056/NEJMvcm1407111
    HTTP 403 → https://www.nejm.org/doi/pdf/10.1056/NEJMvcm1407111
    ✗ failed
[23/67] ART-0299 [nejm_auth] Acute bacterial sinusitis in children
  → DeMuri_2012#@#ART-0299@#@.pdf
    https://www.nejm.org/doi/pdf/10.1056/NEJMcp1106638?query=TOC
    HTTP 403 → https://www.nejm.org/doi/pdf/10.1056/NEJMcp1106638?query=TOC
    ✗ failed
[24/67] ART-0306 [nejm_auth] Physical therapy versus glucocorticoid injection f
  → Deyle_2020#@#ART-0306@#@.pdf
    https://www.nejm.org/doi/pdf/10.1056/NEJMoa1905877
    HTTP 403 → https://www.nejm.org/doi/pdf/10.1056/NEJMoa1905877
    ✗ failed
[25/67] ART-0383 [nejm_auth] Primary prevention of cardiovascular disease with 
  → Estruch_2018#@#ART-0383@#@.pdf
    https://www.nejm.org/doi/pdf/10.1056/NEJMoa1800389
    HTTP 403 → https://www.nejm.org/doi/pdf/10.1056/NEJMoa1800389
    ✗ failed
[26/67] ART-0392 [nejm_auth] Cytokine storm
  → Fajgenbaum_2020#@#ART-0392@#@.pdf
    https://www.nejm.org/doi/pdf/10.1056/NEJMra2026131
    HTTP 403 → https://www.nejm.org/doi/pdf/10.1056/NEJMra2026131
    ✗ failed
[27/67] ART-0402 [nejm_auth] Fernández-Ruiz I: Low-dose colchicine shows promis
  → Fernández-Ruiz_2020#@#ART-0402@#@.pdf
    https://www.nejm.org/doi/pdf/10.1056/nejmoa2021372
    HTTP 403 → https://www.nejm.org/doi/pdf/10.1056/nejmoa2021372
    ✗ failed
[28/67] ART-0473 [nejm_auth] Anemia of inflammation
  → Ganz_2019#@#ART-0473@#@.pdf
    https://www.nejm.org/doi/pdf/10.1056/NEJMra1804281?query=featured_home
    HTTP 403 → https://www.nejm.org/doi/pdf/10.1056/NEJMra1804281?query=featured_home
    ✗ failed
[29/67] ART-0485 [nejm_auth] Treatment of patients with cirrhosis
  → Ge_2016#@#ART-0485@#@.pdf
    https://www.nejm.org/doi/pdf/10.1056/NEJMra1504367
    HTTP 403 → https://www.nejm.org/doi/pdf/10.1056/NEJMra1504367
    ✗ failed
[30/67] ART-0525 [nejm_auth] Greinacher A: Heparin-induced thrombocytopenia
  → Greinacher_2015#@#ART-0525@#@.pdf
    https://www.nejm.org/doi/pdf/10.1056/NEJMcp1411910
    HTTP 403 → https://www.nejm.org/doi/pdf/10.1056/NEJMcp1411910
    ✗ failed
[31/67] ART-0538 [nejm_auth] Cancer-associated hypercalcemia
  → Guise_2022#@#ART-0538@#@.pdf
    https://www.nejm.org/doi/pdf/10.1056/NEJMcp2113128
    HTTP 403 → https://www.nejm.org/doi/pdf/10.1056/NEJMcp2113128
    ✗ failed
[32/67] ART-0550 [nejm_auth] Fever of unknown origin
  → Haidar_2022#@#ART-0550@#@.pdf
    https://www.nejm.org/doi/10.1056/NEJMra2111003
    HTTP 403 → https://www.nejm.org/doi/10.1056/NEJMra2111003
    ✗ failed
[33/67] ART-0625 [nejm_auth] Primary hyperparathyroidism
  → Insogna_2018#@#ART-0625@#@.pdf
    https://www.nejm.org/doi/10.1056/NEJMcp1714213
    HTTP 403 → https://www.nejm.org/doi/10.1056/NEJMcp1714213
    ✗ failed
[34/67] ART-0733 [nejm_auth] Chronic urticaria
  → Lang_2022#@#ART-0733@#@.pdf
    https://www.nejm.org/doi/10.1056/NEJMra2120166
    HTTP 403 → https://www.nejm.org/doi/10.1056/NEJMra2120166
    ✗ failed
[35/67] ART-0793 [nejm_auth] Medical conditions and high-altitude travel
  → Luks_2022#@#ART-0793@#@.pdf
    https://www.nejm.org/doi/pdf/10.1056/NEJMra2104829?query=featured_home
    HTTP 403 → https://www.nejm.org/doi/pdf/10.1056/NEJMra2104829?query=featured_home
    ✗ failed
[36/67] ART-0849 [nejm_auth] Effect of aspirin on all-cause mortality in the he
  → McNeil_2018#@#ART-0849@#@.pdf
    https://www.nejm.org/doi/pdf/10.1056/NEJMoa1803955
    HTTP 403 → https://www.nejm.org/doi/pdf/10.1056/NEJMoa1803955
    ✗ failed
[37/67] ART-0859 [nejm_auth] public health law–foundations and emerging shifts
  → Mello_2022#@#ART-0859@#@.pdf
    https://www.nejm.org/doi/10.1056/NEJMp2200794
    HTTP 403 → https://www.nejm.org/doi/10.1056/NEJMp2200794
    ✗ failed
[38/67] ART-0882 [nejm_auth] Anorexia nervosa
  → Mitchell_2020#@#ART-0882@#@.pdf
    https://www.nejm.org/doi/pdf/10.1056/NEJMcp1803175?query=TOC
    HTTP 403 → https://www.nejm.org/doi/pdf/10.1056/NEJMcp1803175?query=TOC
    ✗ failed
[39/67] ART-0972 [nejm_auth] Acute severe hypertension
  → Peixoto_2019#@#ART-0972@#@.pdf
    https://www.nejm.org/doi/10.1056/NEJMc1916851
    HTTP 403 → https://www.nejm.org/doi/10.1056/NEJMc1916851
    ✗ failed
[40/67] ART-0994 [nejm_auth] Spironolactone for heart failure with preserved ej
  → Pitt_2014#@#ART-0994@#@.pdf
    https://www.nejm.org/doi/pdf/10.1056/NEJMoa1313731
    HTTP 403 → https://www.nejm.org/doi/pdf/10.1056/NEJMoa1313731
    ✗ failed
[41/67] ART-1031 [nejm_auth] Paget’s disease of bone
  → Ralston_2013#@#ART-1031@#@.pdf
    https://www.nejm.org/doi/pdf/10.1056/NEJMcp1204713
    HTTP 403 → https://www.nejm.org/doi/pdf/10.1056/NEJMcp1204713
    ✗ failed
[42/67] ART-1074 [nejm_auth] Atrophic glossitis
  → Robinson_2019#@#ART-1074@#@.pdf
    https://www.nejm.org/doi/pdf/10.1056/NEJMicm1902490
    HTTP 403 → https://www.nejm.org/doi/pdf/10.1056/NEJMicm1902490
    ✗ failed
[43/67] ART-1080 [nejm_auth] Transient global amnesia
  → Ropper_2023#@#ART-1080@#@.pdf
    https://www.nejm.org/doi/pdf/10.1056/NEJMra2213867?query=WB&bid=1431453414
    HTTP 403 → https://www.nejm.org/doi/pdf/10.1056/NEJMra2213867?query=WB&bid=143145
    ✗ failed
[44/67] ART-1095 [nejm_auth] Tackling implicit bias in health care
  → Sabin_2022#@#ART-1095@#@.pdf
    https://www.nejm.org/doi/pdf/10.1056/NEJMp2201180
    HTTP 403 → https://www.nejm.org/doi/pdf/10.1056/NEJMp2201180
    ✗ failed
[45/67] ART-1142 [nejm_auth] Cancer survivorship
  → Shapiro_2018#@#ART-1142@#@.pdf
    https://www.nejm.org/doi/pdf/10.1056/NEJMra1712502
    HTTP 403 → https://www.nejm.org/doi/pdf/10.1056/NEJMra1712502
    ✗ failed
[46/67] ART-1162 [nejm_auth] Evaluation and management of lower-extremity ulcer
  → Singer_2017#@#ART-1162@#@.pdf
    https://www.nejm.org/doi/10.1056/NEJMc1715237
    HTTP 403 → https://www.nejm.org/doi/10.1056/NEJMc1715237
    ✗ failed
[47/67] ART-1185 [nejm_auth] Angiotensin-neprilysin inhibition in heart failure
  → Solomon_2019#@#ART-1185@#@.pdf
    https://www.nejm.org/doi/pdf/10.1056/nejmoa1908655
    HTTP 403 → https://www.nejm.org/doi/pdf/10.1056/nejmoa1908655
    ✗ failed
[48/67] ART-1196 [nejm_auth] Vitamin B deficiency
  → Stabler_2013#@#ART-1196@#@.pdf
    https://www.nejm.org/doi/pdf/10.1056/NEJMcp1113996
    HTTP 403 → https://www.nejm.org/doi/pdf/10.1056/NEJMcp1113996
    ✗ failed
[49/67] ART-1198 [nejm_auth] Pulmonary foreign-body granulomatosis
  → Staloch_2017#@#ART-1198@#@.pdf
    https://www.nejm.org/doi/pdf/10.1056/NEJMicm1701787?query=TOC
    HTTP 403 → https://www.nejm.org/doi/pdf/10.1056/NEJMicm1701787?query=TOC
    ✗ failed
[50/67] ART-1209 [nejm_auth] -Antitrypsin deficiency
  → Strnad_2020#@#ART-1209@#@.pdf
    https://www.nejm.org/doi/pdf/10.1056/NEJMra1910234
    HTTP 403 → https://www.nejm.org/doi/pdf/10.1056/NEJMra1910234
    ✗ failed
[51/67] ART-1321 [nejm_auth] Risk of intussusception after monovalent rotavirus
  → Weintraub_2014#@#ART-1321@#@.pdf
    https://www.nejm.org/doi/pdf/10.1056/NEJMoa1311738
    HTTP 403 → https://www.nejm.org/doi/pdf/10.1056/NEJMoa1311738
    ✗ failed
[52/67] ART-1322 [nejm_auth] Outcomes after angiography with sodium bicarbonate
  → Weisbord_2018#@#ART-1322@#@.pdf
    https://www.nejm.org/doi/pdf/10.1056/NEJMoa1710933
    HTTP 403 → https://www.nejm.org/doi/pdf/10.1056/NEJMoa1710933
    ✗ failed
[53/67] ART-1324 [nejm_auth] Epidemiologic signatures in cancer
  → Welch_2019#@#ART-1324@#@.pdf
    https://www.nejm.org/doi/pdf/10.1056/NEJMsr1905447
    HTTP 403 → https://www.nejm.org/doi/pdf/10.1056/NEJMsr1905447
    ✗ failed
[54/67] ART-1571 [nejm_auth] Liraglutide and cardiovascular outcomes in type 2 
  → Marso_2016#@#ART-1571@#@.pdf
    https://www.nejm.org/doi/pdf/10.1056/NEJMoa1603827
    HTTP 403 → https://www.nejm.org/doi/pdf/10.1056/NEJMoa1603827
    ✗ failed
[55/67] ART-1587 [nejm_auth] Social anxiety disorder
  → Leichsenring_2017#@#ART-1587@#@.pdf
    https://www.nejm.org/doi/10.1056/NEJMcp1614701
    HTTP 403 → https://www.nejm.org/doi/10.1056/NEJMcp1614701
    ✗ failed
[56/67] ART-1627 [nejm_auth] Mesenteric ischemia
  → Clair_2016#@#ART-1627@#@.pdf
    https://www.nejm.org/doi/pdf/10.1056/NEJMra1503884
    HTTP 403 → https://www.nejm.org/doi/pdf/10.1056/NEJMra1503884
    ✗ failed
[57/67] ART-1664 [nejm_auth] Maternal immunization
  → Omer_2017#@#ART-1664@#@.pdf
    https://www.nejm.org/doi/pdf/10.1056/NEJMra1509044
    HTTP 403 → https://www.nejm.org/doi/pdf/10.1056/NEJMra1509044
    ✗ failed
[58/67] ART-1678 [nejm_auth] Letrozole versus clomiphene for infertility in the
  → Legro_2014#@#ART-1678@#@.pdf
    https://www.nejm.org/doi/pdf/10.1056/nejmoa1313517
    HTTP 403 → https://www.nejm.org/doi/pdf/10.1056/nejmoa1313517
    ✗ failed
[59/67] ART-1711 [nejm_auth] Loriaux DL: Diagnosis and differential diagnosis o
  → Loriaux_2017#@#ART-1711@#@.pdf
    https://www.nejm.org/doi/pdf/10.1056/NEJMra1505550
    HTTP 403 → https://www.nejm.org/doi/pdf/10.1056/NEJMra1505550
    ✗ failed
[60/67] ART-1720 [nejm_auth] Effect of aspirin on cardiovascular events and ble
  → McNeil_2018#@#ART-1720@#@.pdf
    https://www.nejm.org/doi/pdf/10.1056/NEJMoa1805819
    HTTP 403 → https://www.nejm.org/doi/pdf/10.1056/NEJMoa1805819
    ✗ failed
[61/67] ART-1781 [nejm_auth] Ankylosing spondylitis and axial spondyloarthritis
  → Taurog_2016#@#ART-1781@#@.pdf
    https://www.nejm.org/doi/pdf/10.1056/NEJMra1406182
    HTTP 403 → https://www.nejm.org/doi/pdf/10.1056/NEJMra1406182
    ✗ failed
[62/67] ART-1802 [nejm_auth] Tinnitus
  → Bauer_2018#@#ART-1802@#@.pdf
    https://www.nejm.org/doi/pdf/10.1056/NEJMcp1506631?query=featured_home
    HTTP 403 → https://www.nejm.org/doi/pdf/10.1056/NEJMcp1506631?query=featured_home
    ✗ failed
[63/67] ART-1829 [nejm_auth] Acute pancreatitis
  → Forsmark_2016#@#ART-1829@#@.pdf
    https://www.nejm.org/doi/pdf/10.1056/NEJMra1505202
    HTTP 403 → https://www.nejm.org/doi/pdf/10.1056/NEJMra1505202
    ✗ failed
[64/67] ART-1867 [nejm_auth] Declines in unintended pregnancy in the United Sta
  → Finer_2008#@#ART-1867@#@.pdf
    https://www.nejm.org/doi/pdf/10.1056/NEJMsa1506575
    HTTP 403 → https://www.nejm.org/doi/pdf/10.1056/NEJMsa1506575
    ✗ failed
[65/67] ART-2061 [nejm_auth] Groin hernias in adults
  → Fitzgibbons_2015#@#ART-2061@#@.pdf
    https://www.nejm.org/doi/pdf/10.1056/NEJMcp1404068
    HTTP 403 → https://www.nejm.org/doi/pdf/10.1056/NEJMcp1404068
    ✗ failed
[66/67] ART-2085 [nejm_auth] Hematuria in adults
  → Ingelfinger_2021#@#ART-2085@#@.pdf
    https://www.nejm.org/doi/pdf/10.1056/NEJMra1604481
    HTTP 403 → https://www.nejm.org/doi/pdf/10.1056/NEJMra1604481
    ✗ failed
[67/67] ART-2160 [nejm_auth] HIV infection — screening, diagnosis, and treatmen
  → Saag_2021#@#ART-2160@#@.pdf
    https://www.nejm.org/doi/pdf/10.1056/NEJMcp1915826?query=featured_infectious-dis
    HTTP 403 → https://www.nejm.org/doi/pdf/10.1056/NEJMcp1915826?query=featured_infe
    ✗ failed

══════════════════════════════════════════════════
📦 Download Summary
══════════════════════════════════════════════════
  ✓ downloaded:     0  /  67
  ✗ failed:        67
  ✗ too_small:      0
  ✗ too_large:      0
  ✗ other:          0

  PDFs on disk (total): 1249
  Results log: C:\Users\mpsch\Desktop\board_prep_intel\01_module.1_warehouse\scripts\maintain\exa_download_results.csv
  Download log: C:\Users\mpsch\Desktop\board_prep_intel\01_module.1_warehouse\scripts\maintain\exa_download.log
