=== pmc_oa_downloader.py - 2026-04-07T21:45:39.473295 ===
NCBI API key: loaded (850bd537...)

PMC targets loaded: 109
Skipped 51 already on disk

Processing 58 PMC articles...

[1/58] ART-1945 [PMC6492479] Intranasal ipratropium bromide for the common cold
  OA API  not_oa (idIsNotOpenAccess)
[2/58] ART-1211 [PMC12989261] Surgery for obstructive sleep apnea in adults
  OA API  not_oa (idIsNotOpenAccess)
[3/58] ART-0199 [PMC6205759] practical approach to diagnosis and management
  OA API  not_oa (idIsNotOpenAccess)
[4/58] ART-1718 [PMC5381731] Outpatient emergencies: Anaphylaxis
  OA API  not_oa (idIsNotOpenAccess)
[5/58] ART-1677 [PMC4694177] An official American Thoracic Society/American Col
  OA API  not_oa (idIsNotOpenAccess)
[6/58] ART-0771 [PMC6457868] Patching for corneal abrasion
  OA API  not_oa (idIsNotOpenAccess)
[7/58] ART-1318 [PMC11060750] AUA/SUO guideline part I: prostate cancer screenin
  OA API  not_oa (idIsNotOpenAccess)
[8/58] ART-1348 [PMC4017246] Tumor lysis syndrome: New challenges and recent ad
  OA API  not_oa (idIsNotOpenAccess)
[9/58] ART-0020 [PMC6724419] Association of use of the neonatal early-onset sep
  OA API  not_oa (idIsNotOpenAccess)
[10/58] ART-1862 [PMC6174113] Updated international consensus diagnostic criteri
  OA API  not_oa (idIsNotOpenAccess)
[11/58] ART-0222 [PMC9746870] 1257-1266
  OA API  not_oa (idIsNotOpenAccess)
[12/58] ART-0461 [PMC6522264] big data bias masks a true association
  OA API  not_oa (idIsNotOpenAccess)
[13/58] ART-1865 [PMC6171773] PURL: Time to stop glucosamine and chondroitin for
  OA API  not_oa (idIsNotOpenAccess)
[14/58] ART-0475 [PMC5865621] epidemiology, outcomes, knowledge gaps, and future
  OA API  not_oa (idIsNotOpenAccess)
[15/58] ART-1600 [PMC5557227] Preventing herpes zoster through vaccination: New 
  OA API  not_oa (idIsNotOpenAccess)
[16/58] ART-1137 [PMC8365115] pelvic inflammatory disease (PID)
  OA API  not_oa (idIsNotOpenAccess)
[17/58] ART-0814 [PMC4892949] findings from the Health ABC Study
  OA API  not_oa (idIsNotOpenAccess)
[18/58] ART-1951 [PMC3103063] Clinical practice: Depression during pregnancy
  OA API  not_oa (idIsNotOpenAccess)
[19/58] ART-1793 [PMC5962971] Deprescribing antipsychotics for behavioral and ps
  OA API  not_oa (idIsNotOpenAccess)
[20/58] ART-0956 [PMC10585425] Anticonvulsants for alcohol dependence
  OA API  not_oa (idIsNotOpenAccess)
[21/58] ART-0493 [PMC3354640] Hospital transfers of nursing home residents with 
  OA API  not_oa (idIsNotOpenAccess)
[22/58] ART-1907 [PMC4896141] Profound hypokalemia associated with severe diabet
  OA API  not_oa (idIsNotOpenAccess)
[23/58] ART-1081 [PMC5958910] joint recommendations of the North American Societ
  OA API  not_oa (idIsNotOpenAccess)
[24/58] ART-0896 [PMC6946178] supplemental oxygen for patients without hypoxemia
  OA API  not_oa (idIsNotOpenAccess)
[25/58] ART-1027 [PMC8966835] a review for general physicians
  OA API  not_oa (idIsNotOpenAccess)
[26/58] ART-1043 [PMC6234945] Common tongue conditions in primary care
  OA API  not_oa (idIsNotOpenAccess)
[27/58] ART-0214 [PMC6350898] Prevention of diabetes mellitus in patients with p
  OA API  not_oa (idIsNotOpenAccess)
[28/58] ART-0973 [PMC3706994] Celiac disease: Diagnosis and management
  OA API  not_oa (idIsNotOpenAccess)
[29/58] ART-1831 [PMC3278056] Antithrombotic therapy for atrial fibrillation: An
  OA API  not_oa (idIsNotOpenAccess)
[30/58] ART-0862 [PMC3208370] a meta-analysis
  OA API  not_oa (idIsNotOpenAccess)
[31/58] ART-0439 [PMC12911370] edging closer to a new paradigm
  OA API  not_oa (idIsNotOpenAccess)
[32/58] ART-1089 [PMC6953397] CD009977
  OA API  not_oa (idIsNotOpenAccess)
[33/58] ART-0630 [PMC5218987] the ROW cohort study
  OA API  not_oa (idIsNotOpenAccess)
[34/58] ART-0120 [PMC8530736] Approach to the patient with adrenal incidentaloma
  OA API  not_oa (idIsNotOpenAccess)
[35/58] ART-1659 [PMC4427053] Metformin in patients with type 2 diabetes and kid
  OA API  not_oa (idIsNotOpenAccess)
[36/58] ART-0678 [PMC4188648] Arthroscopic surgery for degenerative tears of the
  OA API  not_oa (idIsNotOpenAccess)
[37/58] ART-0084 [PMC6769062] CD003462
  OA API  not_oa (idIsNotOpenAccess)
[38/58] ART-0154 [PMC5393490] Guidelines for the management of asymptomatic prim
  OA API  not_oa (idIsNotOpenAccess)
[39/58] ART-0903 [PMC7875114] new insights for clinical practice
  OA API  not_oa (idIsNotOpenAccess)
[40/58] ART-0674 [PMC8726361] an American Academy of Sleep Medicine clinical pra
  OA API  not_oa (idIsNotOpenAccess)
[41/58] ART-0879 [PMC9837849] Baclofen for alcohol use disorder
  OA API  not_oa (idIsNotOpenAccess)
[42/58] ART-0949 [PMC3404815] Too much sitting: The population health science of
  OA API  not_oa (idIsNotOpenAccess)
[43/58] ART-0877 [PMC8758582] CD000029
  OA API  not_oa (idIsNotOpenAccess)
[44/58] ART-1673 [PMC3278059] Perioperative management of antithrombotic therapy
  OA API  not_oa (idIsNotOpenAccess)
[45/58] ART-1880 [PMC5119649] Disorders of sexual development in adult women
  OA API  not_oa (idIsNotOpenAccess)
[46/58] ART-1789 [PMC6513425] Osmotic and stimulant laxatives for the management
  OA API  not_oa (idIsNotOpenAccess)
[47/58] ART-0917 [PMC1346962] an emerging disease
  OA API  not_oa (idIsNotOpenAccess)
[48/58] ART-0369 [PMC9845083] standards of care in diabetes—2023
  OA API  not_oa (idIsNotOpenAccess)
[49/58] ART-0527 [PMC6599814] CD011050
  OA API  not_oa (idIsNotOpenAccess)
[50/58] ART-0640 [PMC4178284] Croup
  OA API  not_oa (idIsNotOpenAccess)
[51/58] ART-1934 [PMC4750836] Taking an antibiotic time-out: Utilization and usa
  OA API  not_oa (idIsNotOpenAccess)
[52/58] ART-1280 [PMC8250847] Preventing and managing adverse reactions
  OA API  not_oa (idIsNotOpenAccess)
[53/58] ART-1244 [PMC3622949] Clinical management of insomnia with brief behavio
  OA API  not_oa (idIsNotOpenAccess)
[54/58] ART-1684 [PMC3799221] HbA in the evaluation of diabetes mellitus
  OA API  not_oa (idIsNotOpenAccess)
[55/58] ART-0119 [PMC6754754] 30-Year review of pediatric- and adult-onset CVID:
  OA API  not_oa (idIsNotOpenAccess)
[56/58] ART-0688 [PMC7144816] CD013422
  OA API  not_oa (idIsNotOpenAccess)
[57/58] ART-1295 [PMC4176800] Management of erectile dysfunction in hypertension
  OA API  not_oa (idIsNotOpenAccess)
[58/58] ART-1255 [PMC7856541] asymptomatic carotid artery stenosis: screening
  OA API  not_oa (idIsNotOpenAccess)

══════════════════════════════════════════════════
📦 PMC OA Download Summary
══════════════════════════════════════════════════
  ✓ downloaded:     0  / 58
  ✗ not_oa:        58  (paywalled even in PMC)
  ✗ no_pdf:         0  (OA but no PDF or tgz)
  ✗ tgz_fail:       0  (tgz found but PDF not inside)
  ✗ api_error:      0
  ✗ other:          0

  PDFs on disk now: 965
  Results: C:\Users\mpsch\Desktop\board_prep_intel\01_module.1_warehouse\scripts\maintain\pmc_oa_results.csv
